{"date": "2025-11-29 19:22:03", "group_seed": "513626425", "username": "user_00", "hash_mode": "sha256", "protection_flags": "000001", "result": "success", "latency_ms": 0}
{"date": "2025-11-29 19:22:11", "group_seed": "513626425", "username": "user_20", "hash_mode": "argon2", "protection_flags": "000001", "result": "fail", "latency_ms": 142}
{"date": "2025-11-29 19:22:11", "group_seed": "513626425", "username": "user_20", "hash_mode": "argon2", "protection_flags": "000001", "result": "fail", "latency_ms": 140}
{"date": "2025-11-29 19:22:11", "group_seed": "513626425", "username": "user_20", "hash_mode": "argon2", "protection_flags": "000001", "result": "fail", "latency_ms": 133}
{"date": "2025-11-29 19:22:11", "group_seed": "513626425", "username": "user_20", "hash_mode": "argon2", "protection_flags": "000001", "result": "fail", "latency_ms": 134}
{"date": "2025-11-29 19:22:11", "group_seed": "513626425", "username": "user_20", "hash_mode": "argon2", "protection_flags": "000001", "result": "fail", "latency_ms": 134}
{"date": "2025-11-29 19:22:11", "group_seed": "513626425", "username": "user_20", "hash_mode": "argon2", "protection_flags": "000001", "result": "fail", "latency_ms": 134}
{"date": "2025-11-29 19:22:12", "group_seed": "513626425", "username": "user_20", "hash_mode": "argon2", "protection_flags": "000001", "result": "fail", "latency_ms": 134}
{"date": "2025-11-29 19:22:12", "group_seed": "513626425", "username": "user_20", "hash_mode": "argon2", "protection_flags": "000001", "result": "fail", "latency_ms": 137}
{"date": "2025-11-29 19:22:12", "group_seed": "513626425", "username": "user_20", "hash_mode": "argon2", "protection_flags": "000001", "result": "fail", "latency_ms": 134}
{"date": "2025-11-29 19:22:12", "group_seed": "513626425", "username": "user_20", "hash_mode": "argon2", "protection_flags": "000001", "result": "fail", "latency_ms": 133}
{"date": "2025-11-29 19:22:12", "group_seed": "513626425", "username": "user_20", "hash_mode": "argon2", "protection_flags": "000001", "result": "fail", "latency_ms": 134}
{"date": "2025-11-29 19:22:12", "group_seed": "513626425", "username": "user_20", "hash_mode": "argon2", "protection_flags": "000001", "result": "fail", "latency_ms": 133}
{"date": "2025-11-29 19:22:12", "group_seed": "513626425", "username": "user_20", "hash_mode": "argon2", "protection_flags": "000001", "result": "fail", "latency_ms": 134}
{"date": "2025-11-29 19:22:13", "group_seed": "513626425", "username": "user_20", "hash_mode": "argon2", "protection_flags": "000001", "result": "fail", "latency_ms": 134}
{"date": "2025-11-29 19:22:13", "group_seed": "513626425", "username": "user_20", "hash_mode": "argon2", "protection_flags": "000001", "result": "fail", "latency_ms": 146}
{"date": "2025-11-29 19:22:13", "group_seed": "513626425", "username": "user_20", "hash_mode": "argon2", "protection_flags": "000001", "result": "fail", "latency_ms": 134}
{"date": "2025-11-29 19:22:13", "group_seed": "513626425", "username": "user_20", "hash_mode": "argon2", "protection_flags": "000001", "result": "fail", "latency_ms": 138}
{"date": "2025-11-29 19:22:13", "group_seed": "513626425", "username": "user_20", "hash_mode": "argon2", "protection_flags": "000001", "result": "fail", "latency_ms": 135}
{"date": "2025-11-29 19:22:13", "group_seed": "513626425", "username": "user_20", "hash_mode": "argon2", "protection_flags": "000001", "result": "fail", "latency_ms": 137}
{"date": "2025-11-29 19:22:13", "group_seed": "513626425", "username": "user_20", "hash_mode": "argon2", "protection_flags": "000001", "result": "fail", "latency_ms": 133}
{"date": "2025-11-29 19:22:14", "group_seed": "513626425", "username": "user_20", "hash_mode": "argon2", "protection_flags": "000001", "result": "success", "latency_ms": 134}
{"date": "2025-11-29 19:22:21", "group_seed": "513626425", "username": "user_10", "hash_mode": "bcrypt", "protection_flags": "100001", "result": "fail", "latency_ms": 279}
{"date": "2025-11-29 19:22:22", "group_seed": "513626425", "username": "user_10", "hash_mode": "bcrypt", "protection_flags": "100001", "result": "fail", "latency_ms": 269}
{"date": "2025-11-29 19:22:22", "group_seed": "513626425", "username": "user_10", "hash_mode": "bcrypt", "protection_flags": "100001", "result": "fail", "latency_ms": 270}
{"date": "2025-11-29 19:22:22", "group_seed": "513626425", "username": "user_10", "hash_mode": "bcrypt", "protection_flags": "100001", "result": "fail", "latency_ms": 269}
{"date": "2025-11-29 19:22:23", "group_seed": "513626425", "username": "user_10", "hash_mode": "bcrypt", "protection_flags": "100001", "result": "fail", "latency_ms": 270}
{"date": "2025-11-29 19:22:23", "group_seed": "513626425", "username": "user_10", "hash_mode": "bcrypt", "protection_flags": "100001", "result": "rate_limited", "latency_ms": 0}
{"date": "2025-11-29 19:22:23", "group_seed": "513626425", "username": "user_10", "hash_mode": "bcrypt", "protection_flags": "100001", "result": "rate_limited", "latency_ms": 0}
{"date": "2025-11-29 19:22:23", "group_seed": "513626425", "username": "user_10", "hash_mode": "bcrypt", "protection_flags": "100001", "result": "rate_limited", "latency_ms": 0}
{"date": "2025-11-29 19:22:23", "group_seed": "513626425", "username": "user_10", "hash_mode": "bcrypt", "protection_flags": "100001", "result": "rate_limited", "latency_ms": 0}
{"date": "2025-11-29 19:22:23", "group_seed": "513626425", "username": "user_10", "hash_mode": "bcrypt", "protection_flags": "100001", "result": "rate_limited", "latency_ms": 0}
{"date": "2025-11-29 19:22:23", "group_seed": "513626425", "username": "user_10", "hash_mode": "bcrypt", "protection_flags": "100001", "result": "rate_limited", "latency_ms": 0}
{"date": "2025-11-29 19:22:23", "group_seed": "513626425", "username": "user_10", "hash_mode": "bcrypt", "protection_flags": "100001", "result": "rate_limited", "latency_ms": 0}
{"date": "2025-11-29 19:22:23", "group_seed": "513626425", "username": "user_10", "hash_mode": "bcrypt", "protection_flags": "100001", "result": "rate_limited", "latency_ms": 0}
{"date": "2025-11-29 19:22:23", "group_seed": "513626425", "username": "user_10", "hash_mode": "bcrypt", "protection_flags": "100001", "result": "rate_limited", "latency_ms": 0}
{"date": "2025-11-29 19:22:23", "group_seed": "513626425", "username": "user_10", "hash_mode": "bcrypt", "protection_flags": "100001", "result": "rate_limited", "latency_ms": 0}
{"date": "2025-11-29 19:22:23", "group_seed": "513626425", "username": "user_10", "hash_mode": "bcrypt", "protection_flags": "100001", "result": "rate_limited", "latency_ms": 0}
{"date": "2025-11-29 19:22:23", "group_seed": "513626425", "username": "user_10", "hash_mode": "bcrypt", "protection_flags": "100001", "result": "rate_limited", "latency_ms": 0}
{"date": "2025-11-29 19:22:23", "group_seed": "513626425", "username": "user_10", "hash_mode": "bcrypt", "protection_flags": "100001", "result": "rate_limited", "latency_ms": 0}
{"date": "2025-11-29 19:22:23", "group_seed": "513626425", "username": "user_10", "hash_mode": "bcrypt", "protection_flags": "100001", "result": "rate_limited", "latency_ms": 0}
{"date": "2025-11-29 19:22:23", "group_seed": "513626425", "username": "user_10", "hash_mode": "bcrypt", "protection_flags": "100001", "result": "rate_limited", "latency_ms": 0}
{"date": "2025-11-29 19:22:23", "group_seed": "513626425", "username": "user_10", "hash_mode": "bcrypt", "protection_flags": "100001", "result": "rate_limited", "latency_ms": 0}
{"date": "2025-11-29 19:22:23", "group_seed": "513626425", "username": "user_10", "hash_mode": "bcrypt", "protection_flags": "100001", "result": "rate_limited", "latency_ms": 0}
{"date": "2025-11-29 19:22:23", "group_seed": "513626425", "username": "user_10", "hash_mode": "bcrypt", "protection_flags": "100001", "result": "rate_limited", "latency_ms": 0}
{"date": "2025-11-29 19:22:23", "group_seed": "513626425", "username": "user_10", "hash_mode": "bcrypt", "protection_flags": "100001", "result": "rate_limited", "latency_ms": 1}
{"date": "2025-11-29 19:22:23", "group_seed": "513626425", "username": "user_10", "hash_mode": "bcrypt", "protection_flags": "100001", "result": "rate_limited", "latency_ms": 0}
{"date": "2025-11-29 19:22:23", "group_seed": "513626425", "username": "user_10", "hash_mode": "bcrypt", "protection_flags": "100001", "result": "rate_limited", "latency_ms": 0}
{"date": "2025-11-29 19:22:23", "group_seed": "513626425", "username": "user_10", "hash_mode": "bcrypt", "protection_flags": "100001", "result": "rate_limited", "latency_ms": 0}
{"date": "2025-11-29 19:22:23", "group_seed": "513626425", "username": "user_10", "hash_mode": "bcrypt", "protection_flags": "100001", "result": "rate_limited", "latency_ms": 0}
{"date": "2025-11-29 19:22:23", "group_seed": "513626425", "username": "user_10", "hash_mode": "bcrypt", "protection_flags": "100001", "result": "rate_limited", "latency_ms": 0}
{"date": "2025-11-29 19:22:23", "group_seed": "513626425", "username": "user_10", "hash_mode": "bcrypt", "protection_flags": "100001", "result": "rate_limited", "latency_ms": 0}
{"date": "2025-11-29 19:22:31", "group_seed": "513626425", "username": "user_10", "hash_mode": "bcrypt", "protection_flags": "010001", "result": "fail", "latency_ms": 275}
{"date": "2025-11-29 19:22:31", "group_seed": "513626425", "username": "user_10", "hash_mode": "bcrypt", "protection_flags": "010001", "result": "fail", "latency_ms": 271}
{"date": "2025-11-29 19:22:31", "group_seed": "513626425", "username": "user_10", "hash_mode": "bcrypt", "protection_flags": "010001", "result": "fail", "latency_ms": 270}
{"date": "2025-11-29 19:22:31", "group_seed": "513626425", "username": "user_10", "hash_mode": "bcrypt", "protection_flags": "010001", "result": "fail", "latency_ms": 269}
{"date": "2025-11-29 19:22:32", "group_seed": "513626425", "username": "user_10", "hash_mode": "bcrypt", "protection_flags": "010001", "result": "fail", "latency_ms": 270}
{"date": "2025-11-29 19:22:32", "group_seed": "513626425", "username": "user_10", "hash_mode": "bcrypt", "protection_flags": "010001", "result": "locked", "latency_ms": 0}
{"date": "2025-11-29 19:22:32", "group_seed": "513626425", "username": "user_10", "hash_mode": "bcrypt", "protection_flags": "010001", "result": "locked", "latency_ms": 0}
{"date": "2025-11-29 19:22:32", "group_seed": "513626425", "username": "user_10", "hash_mode": "bcrypt", "protection_flags": "010001", "result": "locked", "latency_ms": 0}
{"date": "2025-11-29 19:22:32", "group_seed": "513626425", "username": "user_10", "hash_mode": "bcrypt", "protection_flags": "010001", "result": "locked", "latency_ms": 0}
{"date": "2025-11-29 19:22:32", "group_seed": "513626425", "username": "user_10", "hash_mode": "bcrypt", "protection_flags": "010001", "result": "locked", "latency_ms": 0}
{"date": "2025-11-29 19:22:32", "group_seed": "513626425", "username": "user_10", "hash_mode": "bcrypt", "protection_flags": "010001", "result": "locked", "latency_ms": 0}
{"date": "2025-11-29 19:22:32", "group_seed": "513626425", "username": "user_10", "hash_mode": "bcrypt", "protection_flags": "010001", "result": "locked", "latency_ms": 0}
{"date": "2025-11-29 19:22:32", "group_seed": "513626425", "username": "user_10", "hash_mode": "bcrypt", "protection_flags": "010001", "result": "locked", "latency_ms": 0}
{"date": "2025-11-29 19:22:32", "group_seed": "513626425", "username": "user_10", "hash_mode": "bcrypt", "protection_flags": "010001", "result": "locked", "latency_ms": 0}
{"date": "2025-11-29 19:22:32", "group_seed": "513626425", "username": "user_10", "hash_mode": "bcrypt", "protection_flags": "010001", "result": "locked", "latency_ms": 0}
{"date": "2025-11-29 19:22:32", "group_seed": "513626425", "username": "user_10", "hash_mode": "bcrypt", "protection_flags": "010001", "result": "locked", "latency_ms": 0}
{"date": "2025-11-29 19:22:32", "group_seed": "513626425", "username": "user_10", "hash_mode": "bcrypt", "protection_flags": "010001", "result": "locked", "latency_ms": 0}
{"date": "2025-11-29 19:22:32", "group_seed": "513626425", "username": "user_10", "hash_mode": "bcrypt", "protection_flags": "010001", "result": "locked", "latency_ms": 0}
{"date": "2025-11-29 19:22:32", "group_seed": "513626425", "username": "user_10", "hash_mode": "bcrypt", "protection_flags": "010001", "result": "locked", "latency_ms": 0}
{"date": "2025-11-29 19:22:32", "group_seed": "513626425", "username": "user_10", "hash_mode": "bcrypt", "protection_flags": "010001", "result": "locked", "latency_ms": 0}
{"date": "2025-11-29 19:22:32", "group_seed": "513626425", "username": "user_10", "hash_mode": "bcrypt", "protection_flags": "010001", "result": "locked", "latency_ms": 0}
{"date": "2025-11-29 19:22:32", "group_seed": "513626425", "username": "user_10", "hash_mode": "bcrypt", "protection_flags": "010001", "result": "locked", "latency_ms": 0}
{"date": "2025-11-29 19:22:32", "group_seed": "513626425", "username": "user_10", "hash_mode": "bcrypt", "protection_flags": "010001", "result": "locked", "latency_ms": 0}
{"date": "2025-11-29 19:22:32", "group_seed": "513626425", "username": "user_10", "hash_mode": "bcrypt", "protection_flags": "010001", "result": "locked", "latency_ms": 0}
{"date": "2025-11-29 19:22:32", "group_seed": "513626425", "username": "user_10", "hash_mode": "bcrypt", "protection_flags": "010001", "result": "locked", "latency_ms": 0}
{"date": "2025-11-29 19:22:32", "group_seed": "513626425", "username": "user_10", "hash_mode": "bcrypt", "protection_flags": "010001", "result": "locked", "latency_ms": 0}
{"date": "2025-11-29 19:22:32", "group_seed": "513626425", "username": "user_10", "hash_mode": "bcrypt", "protection_flags": "010001", "result": "locked", "latency_ms": 0}
{"date": "2025-11-29 19:22:32", "group_seed": "513626425", "username": "user_10", "hash_mode": "bcrypt", "protection_flags": "010001", "result": "locked", "latency_ms": 0}
{"date": "2025-11-29 19:22:32", "group_seed": "513626425", "username": "user_10", "hash_mode": "bcrypt", "protection_flags": "010001", "result": "locked", "latency_ms": 0}
{"date": "2025-11-29 19:22:32", "group_seed": "513626425", "username": "user_10", "hash_mode": "bcrypt", "protection_flags": "010001", "result": "locked", "latency_ms": 0}
{"date": "2025-11-29 19:22:40", "group_seed": "513626425", "username": "user_10", "hash_mode": "bcrypt", "protection_flags": "000011", "result": "fail", "latency_ms": 275}
{"date": "2025-11-29 19:22:40", "group_seed": "513626425", "username": "user_10", "hash_mode": "bcrypt", "protection_flags": "000011", "result": "fail", "latency_ms": 269}
{"date": "2025-11-29 19:22:40", "group_seed": "513626425", "username": "user_10", "hash_mode": "bcrypt", "protection_flags": "000011", "result": "fail", "latency_ms": 270}
{"date": "2025-11-29 19:22:40", "group_seed": "513626425", "username": "user_10", "hash_mode": "bcrypt", "protection_flags": "000011", "result": "fail", "latency_ms": 272}
{"date": "2025-11-29 19:22:41", "group_seed": "513626425", "username": "user_10", "hash_mode": "bcrypt", "protection_flags": "000011", "result": "fail", "latency_ms": 274}
{"date": "2025-11-29 19:22:41", "group_seed": "513626425", "username": "user_10", "hash_mode": "bcrypt", "protection_flags": "000011", "result": "fail", "latency_ms": 278}
{"date": "2025-11-29 19:22:41", "group_seed": "513626425", "username": "user_10", "hash_mode": "bcrypt", "protection_flags": "000011", "result": "fail", "latency_ms": 281}
{"date": "2025-11-29 19:22:42", "group_seed": "513626425", "username": "user_10", "hash_mode": "bcrypt", "protection_flags": "000011", "result": "fail", "latency_ms": 279}
{"date": "2025-11-29 19:22:42", "group_seed": "513626425", "username": "user_10", "hash_mode": "bcrypt", "protection_flags": "000011", "result": "fail", "latency_ms": 639}
{"date": "2025-11-29 19:22:43", "group_seed": "513626425", "username": "user_10", "hash_mode": "bcrypt", "protection_flags": "000011", "result": "fail", "latency_ms": 346}
{"date": "2025-11-29 19:22:52", "group_seed": "513626425", "username": "user_00", "hash_mode": "sha256", "protection_flags": "000101", "result": "totp_required", "latency_ms": 0}
{"date": "2025-11-29 19:22:52", "group_seed": "513626425", "username": "user_00", "hash_mode": "sha256", "protection_flags": "000101", "result": "fail", "latency_ms": 0}
{"date": "2025-11-29 19:22:52", "group_seed": "513626425", "username": "user_00", "hash_mode": "sha256", "protection_flags": "000101", "result": "fail", "latency_ms": 0}
{"date": "2025-11-29 19:22:52", "group_seed": "513626425", "username": "user_00", "hash_mode": "sha256", "protection_flags": "000101", "result": "fail", "latency_ms": 0}
{"date": "2025-11-29 19:22:52", "group_seed": "513626425", "username": "user_00", "hash_mode": "sha256", "protection_flags": "000101", "result": "fail", "latency_ms": 0}
{"date": "2025-11-29 19:22:52", "group_seed": "513626425", "username": "user_00", "hash_mode": "sha256", "protection_flags": "000101", "result": "fail", "latency_ms": 0}
{"date": "2025-11-29 19:22:52", "group_seed": "513626425", "username": "user_00", "hash_mode": "sha256", "protection_flags": "000101", "result": "fail", "latency_ms": 0}
{"date": "2025-11-29 19:22:52", "group_seed": "513626425", "username": "user_00", "hash_mode": "sha256", "protection_flags": "000101", "result": "fail", "latency_ms": 0}
{"date": "2025-11-29 19:22:52", "group_seed": "513626425", "username": "user_00", "hash_mode": "sha256", "protection_flags": "000101", "result": "fail", "latency_ms": 0}
{"date": "2025-11-29 19:22:52", "group_seed": "513626425", "username": "user_00", "hash_mode": "sha256", "protection_flags": "000101", "result": "fail", "latency_ms": 0}
{"date": "2025-11-29 19:22:52", "group_seed": "513626425", "username": "user_00", "hash_mode": "sha256", "protection_flags": "000101", "result": "fail", "latency_ms": 0}
{"date": "2025-11-29 19:23:01", "group_seed": "513626425", "username": "user_00", "hash_mode": "sha256", "protection_flags": "000000", "result": "success", "latency_ms": 0}
{"date": "2025-11-29 19:23:08", "group_seed": "513626425", "username": "user_00", "hash_mode": "sha256", "protection_flags": "000001", "result": "success", "latency_ms": 0}
{"date": "2025-11-29 19:23:17", "group_seed": "513626425", "username": "user_00", "hash_mode": "sha256", "protection_flags": "010001", "result": "success", "latency_ms": 0}
{"date": "2025-11-29 19:23:28", "group_seed": "513626425", "username": "user_00", "hash_mode": "sha256", "protection_flags": "100001", "result": "success", "latency_ms": 0}
{"date": "2025-11-29 19:23:38", "group_seed": "513626425", "username": "user_00", "hash_mode": "sha256", "protection_flags": "000001", "result": "success", "latency_ms": 0}
{"date": "2025-11-29 19:38:59", "group_seed": "513626425", "username": "user_00", "hash_mode": "sha256", "protection_flags": "000001", "result": "success", "latency_ms": 0}
{"date": "2025-11-29 19:39:07", "group_seed": "513626425", "username": "user_20", "hash_mode": "argon2", "protection_flags": "000001", "result": "fail", "latency_ms": 153}
{"date": "2025-11-29 19:39:07", "group_seed": "513626425", "username": "user_20", "hash_mode": "argon2", "protection_flags": "000001", "result": "fail", "latency_ms": 148}
{"date": "2025-11-29 19:39:07", "group_seed": "513626425", "username": "user_20", "hash_mode": "argon2", "protection_flags": "000001", "result": "fail", "latency_ms": 148}
{"date": "2025-11-29 19:39:07", "group_seed": "513626425", "username": "user_20", "hash_mode": "argon2", "protection_flags": "000001", "result": "fail", "latency_ms": 145}
{"date": "2025-11-29 19:39:08", "group_seed": "513626425", "username": "user_20", "hash_mode": "argon2", "protection_flags": "000001", "result": "fail", "latency_ms": 146}
{"date": "2025-11-29 19:39:08", "group_seed": "513626425", "username": "user_20", "hash_mode": "argon2", "protection_flags": "000001", "result": "fail", "latency_ms": 147}
{"date": "2025-11-29 19:39:08", "group_seed": "513626425", "username": "user_20", "hash_mode": "argon2", "protection_flags": "000001", "result": "fail", "latency_ms": 147}
{"date": "2025-11-29 19:39:08", "group_seed": "513626425", "username": "user_20", "hash_mode": "argon2", "protection_flags": "000001", "result": "fail", "latency_ms": 150}
{"date": "2025-11-29 19:39:08", "group_seed": "513626425", "username": "user_20", "hash_mode": "argon2", "protection_flags": "000001", "result": "fail", "latency_ms": 152}
{"date": "2025-11-29 19:39:08", "group_seed": "513626425", "username": "user_20", "hash_mode": "argon2", "protection_flags": "000001", "result": "fail", "latency_ms": 149}
{"date": "2025-11-29 19:39:09", "group_seed": "513626425", "username": "user_20", "hash_mode": "argon2", "protection_flags": "000001", "result": "fail", "latency_ms": 148}
{"date": "2025-11-29 19:39:09", "group_seed": "513626425", "username": "user_20", "hash_mode": "argon2", "protection_flags": "000001", "result": "fail", "latency_ms": 149}
{"date": "2025-11-29 19:39:09", "group_seed": "513626425", "username": "user_20", "hash_mode": "argon2", "protection_flags": "000001", "result": "fail", "latency_ms": 149}
{"date": "2025-11-29 19:39:09", "group_seed": "513626425", "username": "user_20", "hash_mode": "argon2", "protection_flags": "000001", "result": "fail", "latency_ms": 147}
{"date": "2025-11-29 19:39:09", "group_seed": "513626425", "username": "user_20", "hash_mode": "argon2", "protection_flags": "000001", "result": "fail", "latency_ms": 146}
{"date": "2025-11-29 19:39:09", "group_seed": "513626425", "username": "user_20", "hash_mode": "argon2", "protection_flags": "000001", "result": "fail", "latency_ms": 146}
{"date": "2025-11-29 19:39:09", "group_seed": "513626425", "username": "user_20", "hash_mode": "argon2", "protection_flags": "000001", "result": "fail", "latency_ms": 147}
{"date": "2025-11-29 19:39:10", "group_seed": "513626425", "username": "user_20", "hash_mode": "argon2", "protection_flags": "000001", "result": "fail", "latency_ms": 147}
{"date": "2025-11-29 19:39:10", "group_seed": "513626425", "username": "user_20", "hash_mode": "argon2", "protection_flags": "000001", "result": "fail", "latency_ms": 147}
{"date": "2025-11-29 19:39:10", "group_seed": "513626425", "username": "user_20", "hash_mode": "argon2", "protection_flags": "000001", "result": "fail", "latency_ms": 146}
{"date": "2025-11-29 19:39:10", "group_seed": "513626425", "username": "user_20", "hash_mode": "argon2", "protection_flags": "000001", "result": "success", "latency_ms": 153}
{"date": "2025-11-29 19:39:18", "group_seed": "513626425", "username": "user_10", "hash_mode": "bcrypt", "protection_flags": "100001", "result": "fail", "latency_ms": 289}
{"date": "2025-11-29 19:39:18", "group_seed": "513626425", "username": "user_10", "hash_mode": "bcrypt", "protection_flags": "100001", "result": "fail", "latency_ms": 281}
{"date": "2025-11-29 19:39:19", "group_seed": "513626425", "username": "user_10", "hash_mode": "bcrypt", "protection_flags": "100001", "result": "fail", "latency_ms": 283}
{"date": "2025-11-29 19:39:19", "group_seed": "513626425", "username": "user_10", "hash_mode": "bcrypt", "protection_flags": "100001", "result": "fail", "latency_ms": 282}
{"date": "2025-11-29 19:39:19", "group_seed": "513626425", "username": "user_10", "hash_mode": "bcrypt", "protection_flags": "100001", "result": "fail", "latency_ms": 287}
{"date": "2025-11-29 19:39:19", "group_seed": "513626425", "username": "user_10", "hash_mode": "bcrypt", "protection_flags": "100001", "result": "rate_limited", "latency_ms": 0}
{"date": "2025-11-29 19:39:19", "group_seed": "513626425", "username": "user_10", "hash_mode": "bcrypt", "protection_flags": "100001", "result": "rate_limited", "latency_ms": 0}
{"date": "2025-11-29 19:39:19", "group_seed": "513626425", "username": "user_10", "hash_mode": "bcrypt", "protection_flags": "100001", "result": "rate_limited", "latency_ms": 0}
{"date": "2025-11-29 19:39:19", "group_seed": "513626425", "username": "user_10", "hash_mode": "bcrypt", "protection_flags": "100001", "result": "rate_limited", "latency_ms": 0}
{"date": "2025-11-29 19:39:19", "group_seed": "513626425", "username": "user_10", "hash_mode": "bcrypt", "protection_flags": "100001", "result": "rate_limited", "latency_ms": 1}
{"date": "2025-11-29 19:39:19", "group_seed": "513626425", "username": "user_10", "hash_mode": "bcrypt", "protection_flags": "100001", "result": "rate_limited", "latency_ms": 0}
{"date": "2025-11-29 19:39:19", "group_seed": "513626425", "username": "user_10", "hash_mode": "bcrypt", "protection_flags": "100001", "result": "rate_limited", "latency_ms": 0}
{"date": "2025-11-29 19:39:19", "group_seed": "513626425", "username": "user_10", "hash_mode": "bcrypt", "protection_flags": "100001", "result": "rate_limited", "latency_ms": 0}
{"date": "2025-11-29 19:39:19", "group_seed": "513626425", "username": "user_10", "hash_mode": "bcrypt", "protection_flags": "100001", "result": "rate_limited", "latency_ms": 0}
{"date": "2025-11-29 19:39:19", "group_seed": "513626425", "username": "user_10", "hash_mode": "bcrypt", "protection_flags": "100001", "result": "rate_limited", "latency_ms": 0}
{"date": "2025-11-29 19:39:19", "group_seed": "513626425", "username": "user_10", "hash_mode": "bcrypt", "protection_flags": "100001", "result": "rate_limited", "latency_ms": 0}
{"date": "2025-11-29 19:39:19", "group_seed": "513626425", "username": "user_10", "hash_mode": "bcrypt", "protection_flags": "100001", "result": "rate_limited", "latency_ms": 0}
{"date": "2025-11-29 19:39:19", "group_seed": "513626425", "username": "user_10", "hash_mode": "bcrypt", "protection_flags": "100001", "result": "rate_limited", "latency_ms": 0}
{"date": "2025-11-29 19:39:19", "group_seed": "513626425", "username": "user_10", "hash_mode": "bcrypt", "protection_flags": "100001", "result": "rate_limited", "latency_ms": 0}
{"date": "2025-11-29 19:39:19", "group_seed": "513626425", "username": "user_10", "hash_mode": "bcrypt", "protection_flags": "100001", "result": "rate_limited", "latency_ms": 0}
{"date": "2025-11-29 19:39:19", "group_seed": "513626425", "username": "user_10", "hash_mode": "bcrypt", "protection_flags": "100001", "result": "rate_limited", "latency_ms": 0}
{"date": "2025-11-29 19:39:19", "group_seed": "513626425", "username": "user_10", "hash_mode": "bcrypt", "protection_flags": "100001", "result": "rate_limited", "latency_ms": 0}
{"date": "2025-11-29 19:39:19", "group_seed": "513626425", "username": "user_10", "hash_mode": "bcrypt", "protection_flags": "100001", "result": "rate_limited", "latency_ms": 0}
{"date": "2025-11-29 19:39:19", "group_seed": "513626425", "username": "user_10", "hash_mode": "bcrypt", "protection_flags": "100001", "result": "rate_limited", "latency_ms": 0}
{"date": "2025-11-29 19:39:19", "group_seed": "513626425", "username": "user_10", "hash_mode": "bcrypt", "protection_flags": "100001", "result": "rate_limited", "latency_ms": 0}
{"date": "2025-11-29 19:39:19", "group_seed": "513626425", "username": "user_10", "hash_mode": "bcrypt", "protection_flags": "100001", "result": "rate_limited", "latency_ms": 0}
{"date": "2025-11-29 19:39:19", "group_seed": "513626425", "username": "user_10", "hash_mode": "bcrypt", "protection_flags": "100001", "result": "rate_limited", "latency_ms": 0}
{"date": "2025-11-29 19:39:19", "group_seed": "513626425", "username": "user_10", "hash_mode": "bcrypt", "protection_flags": "100001", "result": "rate_limited", "latency_ms": 0}
{"date": "2025-11-29 19:39:19", "group_seed": "513626425", "username": "user_10", "hash_mode": "bcrypt", "protection_flags": "100001", "result": "rate_limited", "latency_ms": 0}
{"date": "2025-11-29 19:39:19", "group_seed": "513626425", "username": "user_10", "hash_mode": "bcrypt", "protection_flags": "100001", "result": "rate_limited", "latency_ms": 0}
{"date": "2025-11-29 19:39:28", "group_seed": "513626425", "username": "user_10", "hash_mode": "bcrypt", "protection_flags": "010001", "result": "fail", "latency_ms": 305}
{"date": "2025-11-29 19:39:28", "group_seed": "513626425", "username": "user_10", "hash_mode": "bcrypt", "protection_flags": "010001", "result": "fail", "latency_ms": 290}
{"date": "2025-11-29 19:39:28", "group_seed": "513626425", "username": "user_10", "hash_mode": "bcrypt", "protection_flags": "010001", "result": "fail", "latency_ms": 288}
{"date": "2025-11-29 19:39:29", "group_seed": "513626425", "username": "user_10", "hash_mode": "bcrypt", "protection_flags": "010001", "result": "fail", "latency_ms": 289}
{"date": "2025-11-29 19:39:29", "group_seed": "513626425", "username": "user_10", "hash_mode": "bcrypt", "protection_flags": "010001", "result": "fail", "latency_ms": 302}
{"date": "2025-11-29 19:39:29", "group_seed": "513626425", "username": "user_10", "hash_mode": "bcrypt", "protection_flags": "010001", "result": "locked", "latency_ms": 0}
{"date": "2025-11-29 19:39:29", "group_seed": "513626425", "username": "user_10", "hash_mode": "bcrypt", "protection_flags": "010001", "result": "locked", "latency_ms": 0}
{"date": "2025-11-29 19:39:29", "group_seed": "513626425", "username": "user_10", "hash_mode": "bcrypt", "protection_flags": "010001", "result": "locked", "latency_ms": 0}
{"date": "2025-11-29 19:39:29", "group_seed": "513626425", "username": "user_10", "hash_mode": "bcrypt", "protection_flags": "010001", "result": "locked", "latency_ms": 0}
{"date": "2025-11-29 19:39:29", "group_seed": "513626425", "username": "user_10", "hash_mode": "bcrypt", "protection_flags": "010001", "result": "locked", "latency_ms": 0}
{"date": "2025-11-29 19:39:29", "group_seed": "513626425", "username": "user_10", "hash_mode": "bcrypt", "protection_flags": "010001", "result": "locked", "latency_ms": 0}
{"date": "2025-11-29 19:39:29", "group_seed": "513626425", "username": "user_10", "hash_mode": "bcrypt", "protection_flags": "010001", "result": "locked", "latency_ms": 0}
{"date": "2025-11-29 19:39:29", "group_seed": "513626425", "username": "user_10", "hash_mode": "bcrypt", "protection_flags": "010001", "result": "locked", "latency_ms": 0}
{"date": "2025-11-29 19:39:29", "group_seed": "513626425", "username": "user_10", "hash_mode": "bcrypt", "protection_flags": "010001", "result": "locked", "latency_ms": 0}
{"date": "2025-11-29 19:39:29", "group_seed": "513626425", "username": "user_10", "hash_mode": "bcrypt", "protection_flags": "010001", "result": "locked", "latency_ms": 0}
{"date": "2025-11-29 19:39:29", "group_seed": "513626425", "username": "user_10", "hash_mode": "bcrypt", "protection_flags": "010001", "result": "locked", "latency_ms": 0}
{"date": "2025-11-29 19:39:29", "group_seed": "513626425", "username": "user_10", "hash_mode": "bcrypt", "protection_flags": "010001", "result": "locked", "latency_ms": 0}
{"date": "2025-11-29 19:39:29", "group_seed": "513626425", "username": "user_10", "hash_mode": "bcrypt", "protection_flags": "010001", "result": "locked", "latency_ms": 0}
{"date": "2025-11-29 19:39:29", "group_seed": "513626425", "username": "user_10", "hash_mode": "bcrypt", "protection_flags": "010001", "result": "locked", "latency_ms": 0}
{"date": "2025-11-29 19:39:29", "group_seed": "513626425", "username": "user_10", "hash_mode": "bcrypt", "protection_flags": "010001", "result": "locked", "latency_ms": 0}
{"date": "2025-11-29 19:39:29", "group_seed": "513626425", "username": "user_10", "hash_mode": "bcrypt", "protection_flags": "010001", "result": "locked", "latency_ms": 0}
{"date": "2025-11-29 19:39:29", "group_seed": "513626425", "username": "user_10", "hash_mode": "bcrypt", "protection_flags": "010001", "result": "locked", "latency_ms": 0}
{"date": "2025-11-29 19:39:29", "group_seed": "513626425", "username": "user_10", "hash_mode": "bcrypt", "protection_flags": "010001", "result": "locked", "latency_ms": 0}
{"date": "2025-11-29 19:39:29", "group_seed": "513626425", "username": "user_10", "hash_mode": "bcrypt", "protection_flags": "010001", "result": "locked", "latency_ms": 0}
{"date": "2025-11-29 19:39:29", "group_seed": "513626425", "username": "user_10", "hash_mode": "bcrypt", "protection_flags": "010001", "result": "locked", "latency_ms": 0}
{"date": "2025-11-29 19:39:29", "group_seed": "513626425", "username": "user_10", "hash_mode": "bcrypt", "protection_flags": "010001", "result": "locked", "latency_ms": 0}
{"date": "2025-11-29 19:39:29", "group_seed": "513626425", "username": "user_10", "hash_mode": "bcrypt", "protection_flags": "010001", "result": "locked", "latency_ms": 0}
{"date": "2025-11-29 19:39:29", "group_seed": "513626425", "username": "user_10", "hash_mode": "bcrypt", "protection_flags": "010001", "result": "locked", "latency_ms": 0}
{"date": "2025-11-29 19:39:29", "group_seed": "513626425", "username": "user_10", "hash_mode": "bcrypt", "protection_flags": "010001", "result": "locked", "latency_ms": 0}
{"date": "2025-11-29 19:39:29", "group_seed": "513626425", "username": "user_10", "hash_mode": "bcrypt", "protection_flags": "010001", "result": "locked", "latency_ms": 0}
{"date": "2025-11-29 19:39:37", "group_seed": "513626425", "username": "user_10", "hash_mode": "bcrypt", "protection_flags": "000011", "result": "fail", "latency_ms": 320}
{"date": "2025-11-29 19:39:38", "group_seed": "513626425", "username": "user_10", "hash_mode": "bcrypt", "protection_flags": "000011", "result": "fail", "latency_ms": 296}
{"date": "2025-11-29 19:39:38", "group_seed": "513626425", "username": "user_10", "hash_mode": "bcrypt", "protection_flags": "000011", "result": "fail", "latency_ms": 301}
{"date": "2025-11-29 19:39:38", "group_seed": "513626425", "username": "user_10", "hash_mode": "bcrypt", "protection_flags": "000011", "result": "fail", "latency_ms": 301}
{"date": "2025-11-29 19:39:39", "group_seed": "513626425", "username": "user_10", "hash_mode": "bcrypt", "protection_flags": "000011", "result": "fail", "latency_ms": 308}
{"date": "2025-11-29 19:39:39", "group_seed": "513626425", "username": "user_10", "hash_mode": "bcrypt", "protection_flags": "000011", "result": "fail", "latency_ms": 302}
{"date": "2025-11-29 19:39:39", "group_seed": "513626425", "username": "user_10", "hash_mode": "bcrypt", "protection_flags": "000011", "result": "fail", "latency_ms": 301}
{"date": "2025-11-29 19:39:40", "group_seed": "513626425", "username": "user_10", "hash_mode": "bcrypt", "protection_flags": "000011", "result": "fail", "latency_ms": 294}
{"date": "2025-11-29 19:39:40", "group_seed": "513626425", "username": "user_10", "hash_mode": "bcrypt", "protection_flags": "000011", "result": "fail", "latency_ms": 606}
{"date": "2025-11-29 19:39:41", "group_seed": "513626425", "username": "user_10", "hash_mode": "bcrypt", "protection_flags": "000011", "result": "fail", "latency_ms": 417}
{"date": "2025-11-29 19:39:48", "group_seed": "513626425", "username": "user_00", "hash_mode": "sha256", "protection_flags": "000101", "result": "totp_required", "latency_ms": 0}
{"date": "2025-11-29 19:39:48", "group_seed": "513626425", "username": "user_00", "hash_mode": "sha256", "protection_flags": "000101", "result": "success", "latency_ms": 0}
{"date": "2025-11-29 19:39:56", "group_seed": "513626425", "username": "user_00", "hash_mode": "sha256", "protection_flags": "000000", "result": "success", "latency_ms": 0}
{"date": "2025-11-29 19:40:04", "group_seed": "513626425", "username": "user_00", "hash_mode": "sha256", "protection_flags": "000001", "result": "success", "latency_ms": 0}
{"date": "2025-11-29 19:40:12", "group_seed": "513626425", "username": "user_00", "hash_mode": "sha256", "protection_flags": "010001", "result": "success", "latency_ms": 0}
{"date": "2025-11-29 19:40:20", "group_seed": "513626425", "username": "user_00", "hash_mode": "sha256", "protection_flags": "100001", "result": "success", "latency_ms": 0}
{"date": "2025-11-29 19:40:28", "group_seed": "513626425", "username": "user_00", "hash_mode": "sha256", "protection_flags": "000001", "result": "success", "latency_ms": 0}
